Arguments: 
  /usr/local/Cellar/node/16.5.0/bin/node /usr/local/bin/yarn

PATH: 
  /Users/sarvers/.rbenv/shims:~/.rbenv/shims:/Users/sarvers/Documents/repos/scsarver/utility_scripts/concourse:/usr/local/opt/libressl/bin:/usr/local/opt/curl/bin:/usr/local/sbin:/usr/local/bin:/usr/bin:/bin:/usr/sbin:/sbin:/Applications/Wireshark.app/Contents/MacOS:/Users/sarvers/.rbenv/shims:~/.rbenv/shims:/Users/sarvers/Documents/repos/scsarver/utility_scripts/concourse:/usr/local/opt/libressl/bin:/usr/local/opt/curl/bin:/usr/local/sbin:/Users/sarvers/go/bin:/Users/sarvers/go/bin

Yarn version: 
  1.22.10

Node version: 
  16.5.0

Platform: 
  darwin x64

Trace: 
  SyntaxError: /Users/sarvers/Documents/repos/scsarver/prototype/node/webapp/package.json: Unexpected token , in JSON at position 197
      at JSON.parse (<anonymous>)
      at /usr/local/lib/node_modules/yarn/lib/cli.js:1625:59
      at Generator.next (<anonymous>)
      at step (/usr/local/lib/node_modules/yarn/lib/cli.js:310:30)
      at /usr/local/lib/node_modules/yarn/lib/cli.js:321:13

npm manifest: 
  {
    "name": "webapp",
    "version": "1.0.0",
    "description": "Express web app example demonstrating the usage of node, npm and  yarn.",
    "main": "index.js",
    "scripts": {"start":"node index.js"}},
    "author": "Stephan Sarver",
    "license": "MIT",
    "dependencies": {
      "express": "^4.17.2"
    }
  }

yarn manifest: 
  No manifest

Lockfile: 
  # THIS IS AN AUTOGENERATED FILE. DO NOT EDIT THIS FILE DIRECTLY.
  # yarn lockfile v1
  
  
  accepts@~1.3.7:
    version "1.3.7"
    resolved "https://artifactory.platform.vwfs.io/artifactory/api/npm/vw-cred-cybertron-npm-virtual/accepts/-/accepts-1.3.7.tgz#531bc726517a3b2b41f850021c6cc15eaab507cd"
    integrity sha1-UxvHJlF6OytB+FACHGzBXqq1B80=
    dependencies:
      mime-types "~2.1.24"
      negotiator "0.6.2"
  
  array-flatten@1.1.1:
    version "1.1.1"
    resolved "https://artifactory.platform.vwfs.io/artifactory/api/npm/vw-cred-cybertron-npm-virtual/array-flatten/-/array-flatten-1.1.1.tgz#9a5f699051b1e7073328f2a008968b64ea2955d2"
    integrity sha1-ml9pkFGx5wczKPKgCJaLZOopVdI=
  
  body-parser@1.19.1:
    version "1.19.1"
    resolved "https://artifactory.platform.vwfs.io/artifactory/api/npm/vw-cred-cybertron-npm-virtual/body-parser/-/body-parser-1.19.1.tgz#1499abbaa9274af3ecc9f6f10396c995943e31d4"
    integrity sha1-FJmruqknSvPsyfbxA5bJlZQ+MdQ=
    dependencies:
      bytes "3.1.1"
      content-type "~1.0.4"
      debug "2.6.9"
      depd "~1.1.2"
      http-errors "1.8.1"
      iconv-lite "0.4.24"
      on-finished "~2.3.0"
      qs "6.9.6"
      raw-body "2.4.2"
      type-is "~1.6.18"
  
  bytes@3.1.1:
    version "3.1.1"
    resolved "https://artifactory.platform.vwfs.io/artifactory/api/npm/vw-cred-cybertron-npm-virtual/bytes/-/bytes-3.1.1.tgz#3f018291cb4cbad9accb6e6970bca9c8889e879a"
    integrity sha1-PwGCkctMutmsy25pcLypyIieh5o=
  
  content-disposition@0.5.4:
    version "0.5.4"
    resolved "https://artifactory.platform.vwfs.io/artifactory/api/npm/vw-cred-cybertron-npm-virtual/content-disposition/-/content-disposition-0.5.4.tgz#8b82b4efac82512a02bb0b1dcec9d2c5e8eb5bfe"
    integrity sha1-i4K076yCUSoCuwsdzsnSxejrW/4=
    dependencies:
      safe-buffer "5.2.1"
  
  content-type@~1.0.4:
    version "1.0.4"
    resolved "https://artifactory.platform.vwfs.io/artifactory/api/npm/vw-cred-cybertron-npm-virtual/content-type/-/content-type-1.0.4.tgz#e138cc75e040c727b1966fe5e5f8c9aee256fe3b"
    integrity sha1-4TjMdeBAxyexlm/l5fjJruJW/js=
  
  cookie-signature@1.0.6:
    version "1.0.6"
    resolved "https://artifactory.platform.vwfs.io/artifactory/api/npm/vw-cred-cybertron-npm-virtual/cookie-signature/-/cookie-signature-1.0.6.tgz#e303a882b342cc3ee8ca513a79999734dab3ae2c"
    integrity sha1-4wOogrNCzD7oylE6eZmXNNqzriw=
  
  cookie@0.4.1:
    version "0.4.1"
    resolved "https://artifactory.platform.vwfs.io/artifactory/api/npm/vw-cred-cybertron-npm-virtual/cookie/-/cookie-0.4.1.tgz#afd713fe26ebd21ba95ceb61f9a8116e50a537d1"
    integrity sha1-r9cT/ibr0hupXOth+agRblClN9E=
  
  debug@2.6.9:
    version "2.6.9"
    resolved "https://artifactory.platform.vwfs.io/artifactory/api/npm/vw-cred-cybertron-npm-virtual/debug/-/debug-2.6.9.tgz#5d128515df134ff327e90a4c93f4e077a536341f"
    integrity sha1-XRKFFd8TT/Mn6QpMk/Tgd6U2NB8=
    dependencies:
      ms "2.0.0"
  
  depd@~1.1.2:
    version "1.1.2"
    resolved "https://artifactory.platform.vwfs.io/artifactory/api/npm/vw-cred-cybertron-npm-virtual/depd/-/depd-1.1.2.tgz#9bcd52e14c097763e749b274c4346ed2e560b5a9"
    integrity sha1-m81S4UwJd2PnSbJ0xDRu0uVgtak=
  
  destroy@~1.0.4:
    version "1.0.4"
    resolved "https://artifactory.platform.vwfs.io/artifactory/api/npm/vw-cred-cybertron-npm-virtual/destroy/-/destroy-1.0.4.tgz#978857442c44749e4206613e37946205826abd80"
    integrity sha1-l4hXRCxEdJ5CBmE+N5RiBYJqvYA=
  
  ee-first@1.1.1:
    version "1.1.1"
    resolved "https://artifactory.platform.vwfs.io/artifactory/api/npm/vw-cred-cybertron-npm-virtual/ee-first/-/ee-first-1.1.1.tgz#590c61156b0ae2f4f0255732a158b266bc56b21d"
    integrity sha1-WQxhFWsK4vTwJVcyoViyZrxWsh0=
  
  encodeurl@~1.0.2:
    version "1.0.2"
    resolved "https://artifactory.platform.vwfs.io/artifactory/api/npm/vw-cred-cybertron-npm-virtual/encodeurl/-/encodeurl-1.0.2.tgz#ad3ff4c86ec2d029322f5a02c3a9a606c95b3f59"
    integrity sha1-rT/0yG7C0CkyL1oCw6mmBslbP1k=
  
  escape-html@~1.0.3:
    version "1.0.3"
    resolved "https://artifactory.platform.vwfs.io/artifactory/api/npm/vw-cred-cybertron-npm-virtual/escape-html/-/escape-html-1.0.3.tgz#0258eae4d3d0c0974de1c169188ef0051d1d1988"
    integrity sha1-Aljq5NPQwJdN4cFpGI7wBR0dGYg=
  
  etag@~1.8.1:
    version "1.8.1"
    resolved "https://artifactory.platform.vwfs.io/artifactory/api/npm/vw-cred-cybertron-npm-virtual/etag/-/etag-1.8.1.tgz#41ae2eeb65efa62268aebfea83ac7d79299b0887"
    integrity sha1-Qa4u62XvpiJorr/qg6x9eSmbCIc=
  
  express@^4.17.2:
    version "4.17.2"
    resolved "https://artifactory.platform.vwfs.io/artifactory/api/npm/vw-cred-cybertron-npm-virtual/express/-/express-4.17.2.tgz#c18369f265297319beed4e5558753cc8c1364cb3"
    integrity sha1-wYNp8mUpcxm+7U5VWHU8yME2TLM=
    dependencies:
      accepts "~1.3.7"
      array-flatten "1.1.1"
      body-parser "1.19.1"
      content-disposition "0.5.4"
      content-type "~1.0.4"
      cookie "0.4.1"
      cookie-signature "1.0.6"
      debug "2.6.9"
      depd "~1.1.2"
      encodeurl "~1.0.2"
      escape-html "~1.0.3"
      etag "~1.8.1"
      finalhandler "~1.1.2"
      fresh "0.5.2"
      merge-descriptors "1.0.1"
      methods "~1.1.2"
      on-finished "~2.3.0"
      parseurl "~1.3.3"
      path-to-regexp "0.1.7"
      proxy-addr "~2.0.7"
      qs "6.9.6"
      range-parser "~1.2.1"
      safe-buffer "5.2.1"
      send "0.17.2"
      serve-static "1.14.2"
      setprototypeof "1.2.0"
      statuses "~1.5.0"
      type-is "~1.6.18"
      utils-merge "1.0.1"
      vary "~1.1.2"
  
  finalhandler@~1.1.2:
    version "1.1.2"
    resolved "https://artifactory.platform.vwfs.io/artifactory/api/npm/vw-cred-cybertron-npm-virtual/finalhandler/-/finalhandler-1.1.2.tgz#b7e7d000ffd11938d0fdb053506f6ebabe9f587d"
    integrity sha1-t+fQAP/RGTjQ/bBTUG9uur6fWH0=
    dependencies:
      debug "2.6.9"
      encodeurl "~1.0.2"
      escape-html "~1.0.3"
      on-finished "~2.3.0"
      parseurl "~1.3.3"
      statuses "~1.5.0"
      unpipe "~1.0.0"
  
  forwarded@0.2.0:
    version "0.2.0"
    resolved "https://artifactory.platform.vwfs.io/artifactory/api/npm/vw-cred-cybertron-npm-virtual/forwarded/-/forwarded-0.2.0.tgz#2269936428aad4c15c7ebe9779a84bf0b2a81811"
    integrity sha1-ImmTZCiq1MFcfr6XeahL8LKoGBE=
  
  fresh@0.5.2:
    version "0.5.2"
    resolved "https://artifactory.platform.vwfs.io/artifactory/api/npm/vw-cred-cybertron-npm-virtual/fresh/-/fresh-0.5.2.tgz#3d8cadd90d976569fa835ab1f8e4b23a105605a7"
    integrity sha1-PYyt2Q2XZWn6g1qx+OSyOhBWBac=
  
  http-errors@1.8.1:
    version "1.8.1"
    resolved "https://artifactory.platform.vwfs.io/artifactory/api/npm/vw-cred-cybertron-npm-virtual/http-errors/-/http-errors-1.8.1.tgz#7c3f28577cbc8a207388455dbd62295ed07bd68c"
    integrity sha1-fD8oV3y8iiBziEVdvWIpXtB71ow=
    dependencies:
      depd "~1.1.2"
      inherits "2.0.4"
      setprototypeof "1.2.0"
      statuses ">= 1.5.0 < 2"
      toidentifier "1.0.1"
  
  iconv-lite@0.4.24:
    version "0.4.24"
    resolved "https://artifactory.platform.vwfs.io/artifactory/api/npm/vw-cred-cybertron-npm-virtual/iconv-lite/-/iconv-lite-0.4.24.tgz#2022b4b25fbddc21d2f524974a474aafe733908b"
    integrity sha1-ICK0sl+93CHS9SSXSkdKr+czkIs=
    dependencies:
      safer-buffer ">= 2.1.2 < 3"
  
  inherits@2.0.4:
    version "2.0.4"
    resolved "https://artifactory.platform.vwfs.io/artifactory/api/npm/vw-cred-cybertron-npm-virtual/inherits/-/inherits-2.0.4.tgz#0fa2c64f932917c3433a0ded55363aae37416b7c"
    integrity sha1-D6LGT5MpF8NDOg3tVTY6rjdBa3w=
  
  ipaddr.js@1.9.1:
    version "1.9.1"
    resolved "https://artifactory.platform.vwfs.io/artifactory/api/npm/vw-cred-cybertron-npm-virtual/ipaddr.js/-/ipaddr.js-1.9.1.tgz#bff38543eeb8984825079ff3a2a8e6cbd46781b3"
    integrity sha1-v/OFQ+64mEglB5/zoqjmy9RngbM=
  
  media-typer@0.3.0:
    version "0.3.0"
    resolved "https://artifactory.platform.vwfs.io/artifactory/api/npm/vw-cred-cybertron-npm-virtual/media-typer/-/media-typer-0.3.0.tgz#8710d7af0aa626f8fffa1ce00168545263255748"
    integrity sha1-hxDXrwqmJvj/+hzgAWhUUmMlV0g=
  
  merge-descriptors@1.0.1:
    version "1.0.1"
    resolved "https://artifactory.platform.vwfs.io/artifactory/api/npm/vw-cred-cybertron-npm-virtual/merge-descriptors/-/merge-descriptors-1.0.1.tgz#b00aaa556dd8b44568150ec9d1b953f3f90cbb61"
    integrity sha1-sAqqVW3YtEVoFQ7J0blT8/kMu2E=
  
  methods@~1.1.2:
    version "1.1.2"
    resolved "https://artifactory.platform.vwfs.io/artifactory/api/npm/vw-cred-cybertron-npm-virtual/methods/-/methods-1.1.2.tgz#5529a4d67654134edcc5266656835b0f851afcee"
    integrity sha1-VSmk1nZUE07cxSZmVoNbD4Ua/O4=
  
  mime-db@1.51.0:
    version "1.51.0"
    resolved "https://artifactory.platform.vwfs.io/artifactory/api/npm/vw-cred-cybertron-npm-virtual/mime-db/-/mime-db-1.51.0.tgz#d9ff62451859b18342d960850dc3cfb77e63fb0c"
    integrity sha1-2f9iRRhZsYNC2WCFDcPPt35j+ww=
  
  mime-types@~2.1.24:
    version "2.1.34"
    resolved "https://artifactory.platform.vwfs.io/artifactory/api/npm/vw-cred-cybertron-npm-virtual/mime-types/-/mime-types-2.1.34.tgz#5a712f9ec1503511a945803640fafe09d3793c24"
    integrity sha1-WnEvnsFQNRGpRYA2QPr+CdN5PCQ=
    dependencies:
      mime-db "1.51.0"
  
  mime@1.6.0:
    version "1.6.0"
    resolved "https://artifactory.platform.vwfs.io/artifactory/api/npm/vw-cred-cybertron-npm-virtual/mime/-/mime-1.6.0.tgz#32cd9e5c64553bd58d19a568af452acff04981b1"
    integrity sha1-Ms2eXGRVO9WNGaVor0Uqz/BJgbE=
  
  ms@2.0.0:
    version "2.0.0"
    resolved "https://artifactory.platform.vwfs.io/artifactory/api/npm/vw-cred-cybertron-npm-virtual/ms/-/ms-2.0.0.tgz#5608aeadfc00be6c2901df5f9861788de0d597c8"
    integrity sha1-VgiurfwAvmwpAd9fmGF4jeDVl8g=
  
  ms@2.1.3:
    version "2.1.3"
    resolved "https://artifactory.platform.vwfs.io/artifactory/api/npm/vw-cred-cybertron-npm-virtual/ms/-/ms-2.1.3.tgz#574c8138ce1d2b5861f0b44579dbadd60c6615b2"
    integrity sha1-V0yBOM4dK1hh8LRFedut1gxmFbI=
  
  negotiator@0.6.2:
    version "0.6.2"
    resolved "https://artifactory.platform.vwfs.io/artifactory/api/npm/vw-cred-cybertron-npm-virtual/negotiator/-/negotiator-0.6.2.tgz#feacf7ccf525a77ae9634436a64883ffeca346fb"
    integrity sha1-/qz3zPUlp3rpY0Q2pkiD/+yjRvs=
  
  on-finished@~2.3.0:
    version "2.3.0"
    resolved "https://artifactory.platform.vwfs.io/artifactory/api/npm/vw-cred-cybertron-npm-virtual/on-finished/-/on-finished-2.3.0.tgz#20f1336481b083cd75337992a16971aa2d906947"
    integrity sha1-IPEzZIGwg811M3mSoWlxqi2QaUc=
    dependencies:
      ee-first "1.1.1"
  
  parseurl@~1.3.3:
    version "1.3.3"
    resolved "https://artifactory.platform.vwfs.io/artifactory/api/npm/vw-cred-cybertron-npm-virtual/parseurl/-/parseurl-1.3.3.tgz#9da19e7bee8d12dff0513ed5b76957793bc2e8d4"
    integrity sha1-naGee+6NEt/wUT7Vt2lXeTvC6NQ=
  
  path-to-regexp@0.1.7:
    version "0.1.7"
    resolved "https://artifactory.platform.vwfs.io/artifactory/api/npm/vw-cred-cybertron-npm-virtual/path-to-regexp/-/path-to-regexp-0.1.7.tgz#df604178005f522f15eb4490e7247a1bfaa67f8c"
    integrity sha1-32BBeABfUi8V60SQ5yR6G/qmf4w=
  
  proxy-addr@~2.0.7:
    version "2.0.7"
    resolved "https://artifactory.platform.vwfs.io/artifactory/api/npm/vw-cred-cybertron-npm-virtual/proxy-addr/-/proxy-addr-2.0.7.tgz#f19fe69ceab311eeb94b42e70e8c2070f9ba1025"
    integrity sha1-8Z/mnOqzEe65S0LnDowgcPm6ECU=
    dependencies:
      forwarded "0.2.0"
      ipaddr.js "1.9.1"
  
  qs@6.9.6:
    version "6.9.6"
    resolved "https://artifactory.platform.vwfs.io/artifactory/api/npm/vw-cred-cybertron-npm-virtual/qs/-/qs-6.9.6.tgz#26ed3c8243a431b2924aca84cc90471f35d5a0ee"
    integrity sha1-Ju08gkOkMbKSSsqEzJBHHzXVoO4=
  
  range-parser@~1.2.1:
    version "1.2.1"
    resolved "https://artifactory.platform.vwfs.io/artifactory/api/npm/vw-cred-cybertron-npm-virtual/range-parser/-/range-parser-1.2.1.tgz#3cf37023d199e1c24d1a55b84800c2f3e6468031"
    integrity sha1-PPNwI9GZ4cJNGlW4SADC8+ZGgDE=
  
  raw-body@2.4.2:
    version "2.4.2"
    resolved "https://artifactory.platform.vwfs.io/artifactory/api/npm/vw-cred-cybertron-npm-virtual/raw-body/-/raw-body-2.4.2.tgz#baf3e9c21eebced59dd6533ac872b71f7b61cb32"
    integrity sha1-uvPpwh7rztWd1lM6yHK3H3thyzI=
    dependencies:
      bytes "3.1.1"
      http-errors "1.8.1"
      iconv-lite "0.4.24"
      unpipe "1.0.0"
  
  safe-buffer@5.2.1:
    version "5.2.1"
    resolved "https://artifactory.platform.vwfs.io/artifactory/api/npm/vw-cred-cybertron-npm-virtual/safe-buffer/-/safe-buffer-5.2.1.tgz#1eaf9fa9bdb1fdd4ec75f58f9cdb4e6b7827eec6"
    integrity sha1-Hq+fqb2x/dTsdfWPnNtOa3gn7sY=
  
  "safer-buffer@>= 2.1.2 < 3":
    version "2.1.2"
    resolved "https://artifactory.platform.vwfs.io/artifactory/api/npm/vw-cred-cybertron-npm-virtual/safer-buffer/-/safer-buffer-2.1.2.tgz#44fa161b0187b9549dd84bb91802f9bd8385cd6a"
    integrity sha1-RPoWGwGHuVSd2Eu5GAL5vYOFzWo=
  
  send@0.17.2:
    version "0.17.2"
    resolved "https://artifactory.platform.vwfs.io/artifactory/api/npm/vw-cred-cybertron-npm-virtual/send/-/send-0.17.2.tgz#926622f76601c41808012c8bf1688fe3906f7820"
    integrity sha1-kmYi92YBxBgIASyL8WiP45BveCA=
    dependencies:
      debug "2.6.9"
      depd "~1.1.2"
      destroy "~1.0.4"
      encodeurl "~1.0.2"
      escape-html "~1.0.3"
      etag "~1.8.1"
      fresh "0.5.2"
      http-errors "1.8.1"
      mime "1.6.0"
      ms "2.1.3"
      on-finished "~2.3.0"
      range-parser "~1.2.1"
      statuses "~1.5.0"
  
  serve-static@1.14.2:
    version "1.14.2"
    resolved "https://artifactory.platform.vwfs.io/artifactory/api/npm/vw-cred-cybertron-npm-virtual/serve-static/-/serve-static-1.14.2.tgz#722d6294b1d62626d41b43a013ece4598d292bfa"
    integrity sha1-ci1ilLHWJibUG0OgE+zkWY0pK/o=
    dependencies:
      encodeurl "~1.0.2"
      escape-html "~1.0.3"
      parseurl "~1.3.3"
      send "0.17.2"
  
  setprototypeof@1.2.0:
    version "1.2.0"
    resolved "https://artifactory.platform.vwfs.io/artifactory/api/npm/vw-cred-cybertron-npm-virtual/setprototypeof/-/setprototypeof-1.2.0.tgz#66c9a24a73f9fc28cbe66b09fed3d33dcaf1b424"
    integrity sha1-ZsmiSnP5/CjL5msJ/tPTPcrxtCQ=
  
  "statuses@>= 1.5.0 < 2", statuses@~1.5.0:
    version "1.5.0"
    resolved "https://artifactory.platform.vwfs.io/artifactory/api/npm/vw-cred-cybertron-npm-virtual/statuses/-/statuses-1.5.0.tgz#161c7dac177659fd9811f43771fa99381478628c"
    integrity sha1-Fhx9rBd2Wf2YEfQ3cfqZOBR4Yow=
  
  toidentifier@1.0.1:
    version "1.0.1"
    resolved "https://artifactory.platform.vwfs.io/artifactory/api/npm/vw-cred-cybertron-npm-virtual/toidentifier/-/toidentifier-1.0.1.tgz#3be34321a88a820ed1bd80dfaa33e479fbb8dd35"
    integrity sha1-O+NDIaiKgg7RvYDfqjPkefu43TU=
  
  type-is@~1.6.18:
    version "1.6.18"
    resolved "https://artifactory.platform.vwfs.io/artifactory/api/npm/vw-cred-cybertron-npm-virtual/type-is/-/type-is-1.6.18.tgz#4e552cd05df09467dcbc4ef739de89f2cf37c131"
    integrity sha1-TlUs0F3wlGfcvE73Od6J8s83wTE=
    dependencies:
      media-typer "0.3.0"
      mime-types "~2.1.24"
  
  unpipe@1.0.0, unpipe@~1.0.0:
    version "1.0.0"
    resolved "https://artifactory.platform.vwfs.io/artifactory/api/npm/vw-cred-cybertron-npm-virtual/unpipe/-/unpipe-1.0.0.tgz#b2bf4ee8514aae6165b4817829d21b2ef49904ec"
    integrity sha1-sr9O6FFKrmFltIF4KdIbLvSZBOw=
  
  utils-merge@1.0.1:
    version "1.0.1"
    resolved "https://artifactory.platform.vwfs.io/artifactory/api/npm/vw-cred-cybertron-npm-virtual/utils-merge/-/utils-merge-1.0.1.tgz#9f95710f50a267947b2ccc124741c1028427e713"
    integrity sha1-n5VxD1CiZ5R7LMwSR0HBAoQn5xM=
  
  vary@~1.1.2:
    version "1.1.2"
    resolved "https://artifactory.platform.vwfs.io/artifactory/api/npm/vw-cred-cybertron-npm-virtual/vary/-/vary-1.1.2.tgz#2299f02c6ded30d4a5961b0b9f74524a18f634fc"
    integrity sha1-IpnwLG3tMNSllhsLn3RSShj2NPw=
